<?xml version="1.0" encoding="UTF-8"?>
<!-- Generated by org.testng.reporters.JUnitReportReporter -->
<testsuite hostname="TanmayJ13401" name="lalamove.lalamoveSolution.DriverTakeOrderTests" tests="3" failures="0" timestamp="17 Jan 2019 05:59:23 GMT" time="0.734" errors="0">
  <testcase name="TestCase_Take_Order_VerifyStatusCode_InvalidID" time="0.268" classname="lalamove.lalamoveSolution.DriverTakeOrderTests"/>
  <testcase name="TestCase_Take_Order_VerifyStatusCode_ValidID" time="0.229" classname="lalamove.lalamoveSolution.DriverTakeOrderTests"/>
  <testcase name="TestCase_Take_Order_VerifyStatusCode_InvalidFlow" time="0.237" classname="lalamove.lalamoveSolution.DriverTakeOrderTests"/>
</testsuite> <!-- lalamove.lalamoveSolution.DriverTakeOrderTests -->
