<?xml version="1.0" encoding="UTF-8"?>
<!-- Generated by org.testng.reporters.JUnitReportReporter -->
<testsuite hostname="TanmayJ13401" name="lm.lmSolution.FetchOrderTests" tests="7" failures="0" timestamp="21 Jan 2019 06:24:00 GMT" time="16.076" errors="0">
  <testcase name="TestCase_Fetch_Order_VerifyStatusCode_ValidID" time="2.253" classname="lm.lmSolution.FetchOrderTests"/>
  <testcase name="TestCase_Fetch_Order_VerifyDrivingDistances_ValidID" time="2.357" classname="lm.lmSolution.FetchOrderTests"/>
  <testcase name="TestCase_Fetch_Order_VerifyOrderStatusForPlacedOrder" time="2.255" classname="lm.lmSolution.FetchOrderTests"/>
  <testcase name="TestCase_Fetch_Order_VerifyStopsCounts_ValidID" time="2.237" classname="lm.lmSolution.FetchOrderTests"/>
  <testcase name="TestCase_Fetch_Order_VerifyErrorMessage_InvalidID" time="2.371" classname="lm.lmSolution.FetchOrderTests"/>
  <testcase name="TestCase_Fetch_Order_VerifyStatusCode_InvalidID" time="2.317" classname="lm.lmSolution.FetchOrderTests"/>
  <testcase name="TestCase_Fetch_Order_VerifyFareAmount_ValidID" time="2.286" classname="lm.lmSolution.FetchOrderTests"/>
</testsuite> <!-- lm.lmSolution.FetchOrderTests -->
