<?xml version="1.0" encoding="UTF-8"?>
<!-- Generated by org.testng.reporters.JUnitReportReporter -->
<testsuite hostname="TanmayJ13401" name="lm.lmSolution.CancelOrderTests" tests="7" failures="0" timestamp="22 Jan 2019 07:12:29 GMT" time="19.871" errors="0">
  <testcase name="TestCase_Cancel_Order_VerifyOrderstatus_ValidID_AfterTakeOrder" time="3.267" classname="lm.lmSolution.CancelOrderTests"/>
  <testcase name="TestCase_Cancel_Order_VerifyStatusCode_ValidID_AfterTakeOrder" time="3.262" classname="lm.lmSolution.CancelOrderTests"/>
  <testcase name="TestCase_cancel_Order_VerifyStatusCode_InvalidFlow" time="4.271" classname="lm.lmSolution.CancelOrderTests"/>
  <testcase name="TestCase_Cancel_Order_VerifyStatusCode_InvalidID" time="2.235" classname="lm.lmSolution.CancelOrderTests"/>
  <testcase name="TestCase_Cancel_Order_VerifyStatusCode_ValidID_AfterPlaceOrder" time="2.316" classname="lm.lmSolution.CancelOrderTests"/>
  <testcase name="TestCase_Cancel_Order_VerifyErrorMessage_InvalidID" time="2.228" classname="lm.lmSolution.CancelOrderTests"/>
  <testcase name="TestCase_Cancel_Order_VerifyOrderstatus_ValidID_AfterPlaceOrder" time="2.292" classname="lm.lmSolution.CancelOrderTests"/>
</testsuite> <!-- lm.lmSolution.CancelOrderTests -->
