<?xml version="1.0" encoding="UTF-8"?>
<!-- Generated by org.testng.reporters.JUnitReportReporter -->
<testsuite hostname="TanmayJ13401" name="lalamove.lalamoveSolution.DriverCompleteOrderTests" tests="3" failures="0" timestamp="17 Jan 2019 05:59:23 GMT" time="0.667" errors="0">
  <testcase name="TestCase_VerifyStatusCode_InvalidFlow" time="0.181" classname="lalamove.lalamoveSolution.DriverCompleteOrderTests"/>
  <testcase name="TestCase_Complete_Order_VerifyStatusCode_ValidID" time="0.268" classname="lalamove.lalamoveSolution.DriverCompleteOrderTests"/>
  <testcase name="TestCase_VerifyStatusCode_InvalidID" time="0.218" classname="lalamove.lalamoveSolution.DriverCompleteOrderTests"/>
</testsuite> <!-- lalamove.lalamoveSolution.DriverCompleteOrderTests -->
