<?xml version="1.0" encoding="UTF-8"?>
<!-- Generated by org.testng.reporters.JUnitReportReporter -->
<testsuite hostname="TanmayJ13401" name="lm.lmSolution.FetchOrderTests" tests="7" failures="0" timestamp="22 Jan 2019 07:12:29 GMT" time="15.737" errors="0">
  <testcase name="TestCase_Fetch_Order_VerifyDrivingDistances_ValidID" time="2.247" classname="lm.lmSolution.FetchOrderTests"/>
  <testcase name="TestCase_Fetch_Order_VerifyOrderStatusForPlacedOrder" time="2.250" classname="lm.lmSolution.FetchOrderTests"/>
  <testcase name="TestCase_Fetch_Order_VerifyStatusCode_ValidID" time="2.307" classname="lm.lmSolution.FetchOrderTests"/>
  <testcase name="TestCase_Fetch_Order_VerifyStatusCode_InvalidID" time="2.251" classname="lm.lmSolution.FetchOrderTests"/>
  <testcase name="TestCase_Fetch_Order_VerifyErrorMessage_InvalidID" time="2.248" classname="lm.lmSolution.FetchOrderTests"/>
  <testcase name="TestCase_Fetch_Order_VerifyStopsCounts_ValidID" time="2.256" classname="lm.lmSolution.FetchOrderTests"/>
  <testcase name="TestCase_Fetch_Order_VerifyFareAmount_ValidID" time="2.178" classname="lm.lmSolution.FetchOrderTests"/>
</testsuite> <!-- lm.lmSolution.FetchOrderTests -->
