<?xml version="1.0" encoding="UTF-8"?>
<!-- Generated by org.testng.reporters.JUnitReportReporter -->
<testsuite hostname="TanmayJ13401" name="lm.lmSolution.DriverTakeOrderTests" tests="3" failures="0" timestamp="17 Jan 2019 06:08:37 GMT" time="0.773" errors="0">
  <testcase name="TestCase_Take_Order_VerifyStatusCode_InvalidID" time="0.290" classname="lm.lmSolution.DriverTakeOrderTests"/>
  <testcase name="TestCase_Take_Order_VerifyStatusCode_ValidID" time="0.244" classname="lm.lmSolution.DriverTakeOrderTests"/>
  <testcase name="TestCase_Take_Order_VerifyStatusCode_InvalidFlow" time="0.239" classname="lm.lmSolution.DriverTakeOrderTests"/>
</testsuite> <!-- lm.lmSolution.DriverTakeOrderTests -->
