<?xml version="1.0" encoding="UTF-8"?>
<!-- Generated by org.testng.reporters.JUnitReportReporter -->
<testsuite hostname="TanmayJ13401" name="lm.lmSolution.CancelOrderTests" tests="7" failures="0" timestamp="21 Jan 2019 06:24:00 GMT" time="20.104" errors="0">
  <testcase name="TestCase_Cancel_Order_VerifyStatusCode_ValidID_AfterPlaceOrder" time="2.312" classname="lm.lmSolution.CancelOrderTests"/>
  <testcase name="TestCase_cancel_Order_VerifyStatusCode_InvalidFlow" time="4.336" classname="lm.lmSolution.CancelOrderTests"/>
  <testcase name="TestCase_Cancel_Order_VerifyStatusCode_InvalidID" time="2.281" classname="lm.lmSolution.CancelOrderTests"/>
  <testcase name="TestCase_Cancel_Order_VerifyErrorMessage_InvalidID" time="2.345" classname="lm.lmSolution.CancelOrderTests"/>
  <testcase name="TestCase_Cancel_Order_VerifyStatusCode_ValidID_AfterTakeOrder" time="3.324" classname="lm.lmSolution.CancelOrderTests"/>
  <testcase name="TestCase_Cancel_Order_VerifyOrderstatus_ValidID_AfterTakeOrder" time="3.258" classname="lm.lmSolution.CancelOrderTests"/>
  <testcase name="TestCase_Cancel_Order_VerifyOrderstatus_ValidID_AfterPlaceOrder" time="2.248" classname="lm.lmSolution.CancelOrderTests"/>
</testsuite> <!-- lm.lmSolution.CancelOrderTests -->
