<?xml version="1.0" encoding="UTF-8"?>
<!-- Generated by org.testng.reporters.JUnitReportReporter -->
<testsuite hostname="TanmayJ13401" name="lalamove.lalamoveSolution.PlaceOrderTests" tests="10" failures="0" timestamp="17 Jan 2019 05:59:23 GMT" time="3.693" errors="0">
  <testcase name="Testcase_placeAdvanceOrder_verifyFareBelowTwoKms" time="0.269" classname="lalamove.lalamoveSolution.PlaceOrderTests"/>
  <testcase name="Testcase_placeAdvanceOrder_verifyDistancesCount" time="0.208" classname="lalamove.lalamoveSolution.PlaceOrderTests"/>
  <testcase name="Testcase_placeOrder_verifyID" time="0.242" classname="lalamove.lalamoveSolution.PlaceOrderTests"/>
  <testcase name="Testcase_placeAdvanceOrder_verifyFareAboveTwoKms_NightCharges" time="0.244" classname="lalamove.lalamoveSolution.PlaceOrderTests"/>
  <testcase name="Testcase_placeAdvanceOrder_verifyFareBelowTwoKms_NightCharges" time="0.215" classname="lalamove.lalamoveSolution.PlaceOrderTests"/>
  <testcase name="Testcase_placeOrder_verifyDistancesCount" time="0.210" classname="lalamove.lalamoveSolution.PlaceOrderTests"/>
  <testcase name="Testcase_placeAdvanceOrder_VerifyId" time="1.616" classname="lalamove.lalamoveSolution.PlaceOrderTests"/>
  <testcase name="Testcase_placeAdvanceOrder_verifyFareAboveTwoKms" time="0.229" classname="lalamove.lalamoveSolution.PlaceOrderTests"/>
  <testcase name="Testcase_placeOrder_verifyFareAboveTwoKms" time="0.225" classname="lalamove.lalamoveSolution.PlaceOrderTests"/>
  <testcase name="Testcase_placeOrder_verifyFareBelowTwoKms" time="0.235" classname="lalamove.lalamoveSolution.PlaceOrderTests"/>
</testsuite> <!-- lalamove.lalamoveSolution.PlaceOrderTests -->
