<?xml version="1.0" encoding="UTF-8"?>
<!-- Generated by org.testng.reporters.JUnitReportReporter -->
<testsuite hostname="TanmayJ13401" name="lm.lmSolution.PlaceOrderTests" tests="12" failures="0" timestamp="21 Jan 2019 06:24:00 GMT" time="16.504" errors="0">
  <testcase name="Testcase_placeOrder_verifySingleStopValue" time="1.023" classname="lm.lmSolution.PlaceOrderTests"/>
  <testcase name="Testcase_placeOrder_verifyID" time="1.265" classname="lm.lmSolution.PlaceOrderTests"/>
  <testcase name="Testcase_placeAdvanceOrder_verifyDistancesCount" time="1.240" classname="lm.lmSolution.PlaceOrderTests"/>
  <testcase name="Testcase_placeOrder_verifyFareBelowTwoKms" time="1.283" classname="lm.lmSolution.PlaceOrderTests"/>
  <testcase name="Testcase_placeOrder_verifyCurrency" time="1.334" classname="lm.lmSolution.PlaceOrderTests"/>
  <testcase name="Testcase_placeAdvanceOrder_verifyFareBelowTwoKms_NightCharges" time="1.264" classname="lm.lmSolution.PlaceOrderTests"/>
  <testcase name="Testcase_placeAdvanceOrder_verifyFareAboveTwoKms_NightCharges" time="1.264" classname="lm.lmSolution.PlaceOrderTests"/>
  <testcase name="Testcase_placeAdvanceOrder_VerifyId" time="2.857" classname="lm.lmSolution.PlaceOrderTests"/>
  <testcase name="Testcase_placeOrder_verifyDistancesCount" time="1.256" classname="lm.lmSolution.PlaceOrderTests"/>
  <testcase name="Testcase_placeOrder_verifyFareAboveTwoKms" time="1.203" classname="lm.lmSolution.PlaceOrderTests"/>
  <testcase name="Testcase_placeAdvanceOrder_verifyFareBelowTwoKms" time="1.285" classname="lm.lmSolution.PlaceOrderTests"/>
  <testcase name="Testcase_placeAdvanceOrder_verifyFareAboveTwoKms" time="1.230" classname="lm.lmSolution.PlaceOrderTests"/>
</testsuite> <!-- lm.lmSolution.PlaceOrderTests -->
