<?xml version="1.0" encoding="UTF-8"?>
<!-- Generated by org.testng.reporters.JUnitReportReporter -->
<testsuite hostname="TanmayJ13401" name="lm.lmSolution.DriverCompleteOrderTests" tests="3" failures="0" timestamp="17 Jan 2019 12:49:04 GMT" time="0.743" errors="0">
  <testcase name="TestCase_Complete_Order_VerifyStatusCode_ValidID" time="0.240" classname="lm.lmSolution.DriverCompleteOrderTests"/>
  <testcase name="TestCase_Complete_Order_VerifyStatusCode_InvalidFlow" time="0.242" classname="lm.lmSolution.DriverCompleteOrderTests"/>
  <testcase name="TestCase_Complete_Order_VerifyStatusCode_InvalidID" time="0.261" classname="lm.lmSolution.DriverCompleteOrderTests"/>
</testsuite> <!-- lm.lmSolution.DriverCompleteOrderTests -->
