<?xml version="1.0" encoding="UTF-8"?>
<!-- Generated by org.testng.reporters.JUnitReportReporter -->
<testsuite hostname="TanmayJ13401" name="lm.lmSolution.DriverCompleteOrderTests" tests="6" failures="0" timestamp="22 Jan 2019 07:12:29 GMT" time="18.584" errors="0">
  <testcase name="TestCase_Complete_Order_VerifyStatusCode_InvalidFlow" time="3.252" classname="lm.lmSolution.DriverCompleteOrderTests"/>
  <testcase name="TestCase_Complete_Order_VerifyOrderStatus_InvalidFlow_AssignedToComplete" time="2.302" classname="lm.lmSolution.DriverCompleteOrderTests"/>
  <testcase name="TestCase_Complete_Order_VerifyOrderStatus_ValidID" time="3.288" classname="lm.lmSolution.DriverCompleteOrderTests"/>
  <testcase name="TestCase_Complete_Order_VerifyStatusCode_InvalidID" time="3.219" classname="lm.lmSolution.DriverCompleteOrderTests"/>
  <testcase name="TestCase_Complete_Order_VerifyErrorMessage_InvalidID" time="3.247" classname="lm.lmSolution.DriverCompleteOrderTests"/>
  <testcase name="TestCase_Complete_Order_VerifyStatusCode_ValidID" time="3.276" classname="lm.lmSolution.DriverCompleteOrderTests"/>
</testsuite> <!-- lm.lmSolution.DriverCompleteOrderTests -->
