<?xml version="1.0" encoding="UTF-8"?>
<!-- Generated by org.testng.reporters.JUnitReportReporter -->
<testsuite hostname="TanmayJ13401" name="lm.lmSolution.DriverCompleteOrderTests" tests="6" failures="0" timestamp="21 Jan 2019 06:24:00 GMT" time="18.759" errors="0">
  <testcase name="TestCase_Complete_Order_VerifyStatusCode_ValidID" time="3.331" classname="lm.lmSolution.DriverCompleteOrderTests"/>
  <testcase name="TestCase_Complete_Order_VerifyErrorMessage_InvalidID" time="3.278" classname="lm.lmSolution.DriverCompleteOrderTests"/>
  <testcase name="TestCase_Complete_Order_VerifyOrderStatus_InvalidFlow_AssignedToComplete" time="2.260" classname="lm.lmSolution.DriverCompleteOrderTests"/>
  <testcase name="TestCase_Complete_Order_VerifyOrderStatus_ValidID" time="3.309" classname="lm.lmSolution.DriverCompleteOrderTests"/>
  <testcase name="TestCase_Complete_Order_VerifyStatusCode_InvalidFlow" time="3.268" classname="lm.lmSolution.DriverCompleteOrderTests"/>
  <testcase name="TestCase_Complete_Order_VerifyStatusCode_InvalidID" time="3.313" classname="lm.lmSolution.DriverCompleteOrderTests"/>
</testsuite> <!-- lm.lmSolution.DriverCompleteOrderTests -->
