<?xml version="1.0" encoding="UTF-8"?>
<!-- Generated by org.testng.reporters.JUnitReportReporter -->
<testsuite hostname="TanmayJ13401" name="lm.lmSolution.DriverTakeOrderTests" tests="3" failures="0" timestamp="17 Jan 2019 12:49:04 GMT" time="0.680" errors="0">
  <testcase name="TestCase_Take_Order_VerifyStatusCode_ValidID" time="0.226" classname="lm.lmSolution.DriverTakeOrderTests"/>
  <testcase name="TestCase_Take_Order_VerifyStatusCode_InvalidID" time="0.214" classname="lm.lmSolution.DriverTakeOrderTests"/>
  <testcase name="TestCase_Take_Order_VerifyStatusCode_InvalidFlow" time="0.240" classname="lm.lmSolution.DriverTakeOrderTests"/>
</testsuite> <!-- lm.lmSolution.DriverTakeOrderTests -->
