<?xml version="1.0" encoding="UTF-8"?>
<!-- Generated by org.testng.reporters.JUnitReportReporter -->
<testsuite hostname="TanmayJ13401" name="lm.lmSolution.DriverTakeOrderTests" tests="5" failures="0" timestamp="22 Jan 2019 07:12:29 GMT" time="12.153" errors="0">
  <testcase name="TestCase_Take_Order_VerifyOrderStatus_ValidID" time="2.192" classname="lm.lmSolution.DriverTakeOrderTests"/>
  <testcase name="TestCase_Take_Order_VerifyStatusCode_InvalidFlow" time="3.263" classname="lm.lmSolution.DriverTakeOrderTests"/>
  <testcase name="TestCase_Take_Order_VerifyErrorMessage_InvalidID" time="2.252" classname="lm.lmSolution.DriverTakeOrderTests"/>
  <testcase name="TestCase_Take_Order_VerifyStatusCode_InvalidID" time="2.185" classname="lm.lmSolution.DriverTakeOrderTests"/>
  <testcase name="TestCase_Take_Order_VerifyStatusCode_ValidID" time="2.261" classname="lm.lmSolution.DriverTakeOrderTests"/>
</testsuite> <!-- lm.lmSolution.DriverTakeOrderTests -->
