<?xml version="1.0" encoding="UTF-8"?>
<!-- Generated by org.testng.reporters.JUnitReportReporter -->
<testsuite hostname="TanmayJ13401" name="lm.lmSolution.DriverCompleteOrderTests" tests="3" failures="0" timestamp="17 Jan 2019 06:08:37 GMT" time="0.633" errors="0">
  <testcase name="TestCase_VerifyStatusCode_InvalidFlow" time="0.208" classname="lm.lmSolution.DriverCompleteOrderTests"/>
  <testcase name="TestCase_Complete_Order_VerifyStatusCode_ValidID" time="0.207" classname="lm.lmSolution.DriverCompleteOrderTests"/>
  <testcase name="TestCase_VerifyStatusCode_InvalidID" time="0.218" classname="lm.lmSolution.DriverCompleteOrderTests"/>
</testsuite> <!-- lm.lmSolution.DriverCompleteOrderTests -->
