<?xml version="1.0" encoding="UTF-8"?>
<!-- Generated by org.testng.reporters.JUnitReportReporter -->
<testsuite hostname="TanmayJ13401" name="lm.lmSolution.DriverTakeOrderTests" tests="5" failures="0" timestamp="21 Jan 2019 06:24:00 GMT" time="12.378" errors="0">
  <testcase name="TestCase_Take_Order_VerifyStatusCode_ValidID" time="2.251" classname="lm.lmSolution.DriverTakeOrderTests"/>
  <testcase name="TestCase_Take_Order_VerifyOrderStatus_ValidID" time="2.312" classname="lm.lmSolution.DriverTakeOrderTests"/>
  <testcase name="TestCase_Take_Order_VerifyStatusCode_InvalidFlow" time="3.351" classname="lm.lmSolution.DriverTakeOrderTests"/>
  <testcase name="TestCase_Take_Order_VerifyStatusCode_InvalidID" time="2.196" classname="lm.lmSolution.DriverTakeOrderTests"/>
  <testcase name="TestCase_Take_Order_VerifyErrorMessage_InvalidID" time="2.268" classname="lm.lmSolution.DriverTakeOrderTests"/>
</testsuite> <!-- lm.lmSolution.DriverTakeOrderTests -->
