<?xml version="1.0" encoding="UTF-8"?>
<!-- Generated by org.testng.reporters.JUnitReportReporter -->
<testsuite hostname="TanmayJ13401" name="lalamove.lalamoveSolution.FetchOrderTests" tests="2" failures="0" timestamp="17 Jan 2019 05:59:23 GMT" time="0.497" errors="0">
  <testcase name="TestCase_Fetch_Order_VerifyStatusCode_ValidID" time="0.230" classname="lalamove.lalamoveSolution.FetchOrderTests"/>
  <testcase name="TestCase_Fetch_Order_VerifyStatusCode_InvalidID" time="0.267" classname="lalamove.lalamoveSolution.FetchOrderTests"/>
</testsuite> <!-- lalamove.lalamoveSolution.FetchOrderTests -->
