<?xml version="1.0" encoding="UTF-8"?>
<!-- Generated by org.testng.reporters.JUnitReportReporter -->
<testsuite hostname="TanmayJ13401" name="lm.lmSolution.CancelOrderTests" tests="4" failures="0" timestamp="17 Jan 2019 12:49:04 GMT" time="0.935" errors="0">
  <testcase name="TestCase_cancel_Order_VerifyStatusCode_InvalidFlow" time="0.257" classname="lm.lmSolution.CancelOrderTests"/>
  <testcase name="TestCase_Cancel_Order_VerifyStatusCode_InvalidID" time="0.217" classname="lm.lmSolution.CancelOrderTests"/>
  <testcase name="TestCase_Cancel_Order_VerifyStatusCode_ValidID_AfterPlaceOrder" time="0.215" classname="lm.lmSolution.CancelOrderTests"/>
  <testcase name="TestCase_Cancel_Order_VerifyStatusCode_ValidID_AfterTakeOrder" time="0.246" classname="lm.lmSolution.CancelOrderTests"/>
</testsuite> <!-- lm.lmSolution.CancelOrderTests -->
