<?xml version="1.0" encoding="UTF-8"?>
<!-- Generated by org.testng.reporters.JUnitReportReporter -->
<testsuite hostname="TanmayJ13401" name="lm.lmSolution.FetchOrderTests" tests="2" failures="0" timestamp="17 Jan 2019 12:49:04 GMT" time="0.443" errors="0">
  <testcase name="TestCase_Fetch_Order_VerifyStatusCode_ValidID" time="0.219" classname="lm.lmSolution.FetchOrderTests"/>
  <testcase name="TestCase_Fetch_Order_VerifyStatusCode_InvalidID" time="0.224" classname="lm.lmSolution.FetchOrderTests"/>
</testsuite> <!-- lm.lmSolution.FetchOrderTests -->
