<?xml version="1.0" encoding="UTF-8"?>
<!-- Generated by org.testng.reporters.JUnitReportReporter -->
<testsuite hostname="TanmayJ13401" name="lalamove.lalamoveSolution.CancelOrderTests" tests="4" failures="0" timestamp="17 Jan 2019 05:59:23 GMT" time="1.298" errors="0">
  <testcase name="TestCase_Cancel_Order_VerifyStatusCode_ValidID_AfterPlaceOrder" time="0.359" classname="lalamove.lalamoveSolution.CancelOrderTests"/>
  <testcase name="TestCase_Cancel_Order_VerifyStatusCode_InvalidID" time="0.304" classname="lalamove.lalamoveSolution.CancelOrderTests"/>
  <testcase name="TestCase_Cancel_Order_VerifyStatusCode_ValidID_AfterTakeOrder" time="0.342" classname="lalamove.lalamoveSolution.CancelOrderTests"/>
  <testcase name="TestCase_cancel_Order_VerifyStatusCode_InvalidFlow" time="0.293" classname="lalamove.lalamoveSolution.CancelOrderTests"/>
</testsuite> <!-- lalamove.lalamoveSolution.CancelOrderTests -->
