<?xml version="1.0" encoding="UTF-8"?>
<!-- Generated by org.testng.reporters.JUnitReportReporter -->
<testsuite hostname="TanmayJ13401" name="lm.lmSolution.FetchOrderTests" tests="2" failures="0" timestamp="17 Jan 2019 06:08:37 GMT" time="0.482" errors="0">
  <testcase name="TestCase_Fetch_Order_VerifyStatusCode_ValidID" time="0.221" classname="lm.lmSolution.FetchOrderTests"/>
  <testcase name="TestCase_Fetch_Order_VerifyStatusCode_InvalidID" time="0.261" classname="lm.lmSolution.FetchOrderTests"/>
</testsuite> <!-- lm.lmSolution.FetchOrderTests -->
