<?xml version="1.0" encoding="UTF-8"?>
<!-- Generated by org.testng.reporters.JUnitReportReporter -->
<testsuite hostname="TanmayJ13401" name="lm.lmSolution.PlaceOrderTests" tests="10" failures="0" timestamp="17 Jan 2019 06:08:37 GMT" time="3.341" errors="0">
  <testcase name="Testcase_placeAdvanceOrder_verifyFareBelowTwoKms" time="0.167" classname="lm.lmSolution.PlaceOrderTests"/>
  <testcase name="Testcase_placeAdvanceOrder_verifyDistancesCount" time="0.222" classname="lm.lmSolution.PlaceOrderTests"/>
  <testcase name="Testcase_placeOrder_verifyID" time="0.238" classname="lm.lmSolution.PlaceOrderTests"/>
  <testcase name="Testcase_placeAdvanceOrder_verifyFareAboveTwoKms_NightCharges" time="0.238" classname="lm.lmSolution.PlaceOrderTests"/>
  <testcase name="Testcase_placeAdvanceOrder_verifyFareBelowTwoKms_NightCharges" time="0.253" classname="lm.lmSolution.PlaceOrderTests"/>
  <testcase name="Testcase_placeOrder_verifyDistancesCount" time="0.231" classname="lm.lmSolution.PlaceOrderTests"/>
  <testcase name="Testcase_placeAdvanceOrder_VerifyId" time="1.288" classname="lm.lmSolution.PlaceOrderTests"/>
  <testcase name="Testcase_placeAdvanceOrder_verifyFareAboveTwoKms" time="0.234" classname="lm.lmSolution.PlaceOrderTests"/>
  <testcase name="Testcase_placeOrder_verifyFareAboveTwoKms" time="0.232" classname="lm.lmSolution.PlaceOrderTests"/>
  <testcase name="Testcase_placeOrder_verifyFareBelowTwoKms" time="0.238" classname="lm.lmSolution.PlaceOrderTests"/>
</testsuite> <!-- lm.lmSolution.PlaceOrderTests -->
